<?xml version="1.0" encoding="UTF-8"?>
<testsuite xmlns:xsi="http://www.w3.org/2001/XMLSchema-instance" xsi:noNamespaceSchemaLocation="https://maven.apache.org/surefire/maven-surefire-plugin/xsd/surefire-test-report.xsd" version="3.0.2" name="TestSuite" time="51.789" tests="3" errors="0" skipped="0" failures="0">
  <properties>
    <property name="gopherProxySet" value="false"/>
    <property name="awt.toolkit" value="sun.lwawt.macosx.LWCToolkit"/>
    <property name="java.specification.version" value="11"/>
    <property name="sun.cpu.isalist" value=""/>
    <property name="sun.jnu.encoding" value="UTF-8"/>
    <property name="java.class.path" value="/Users/rahulkadam/eclipse-workspace/Framework1/target/test-classes:/Users/rahulkadam/eclipse-workspace/Framework1/target/classes:/Users/rahulkadam/.m2/repository/junit/junit/3.8.1/junit-3.8.1.jar:/Users/rahulkadam/.m2/repository/org/seleniumhq/selenium/selenium-java/4.24.0/selenium-java-4.24.0.jar:/Users/rahulkadam/.m2/repository/org/seleniumhq/selenium/selenium-api/4.24.0/selenium-api-4.24.0.jar:/Users/rahulkadam/.m2/repository/org/jspecify/jspecify/1.0.0/jspecify-1.0.0.jar:/Users/rahulkadam/.m2/repository/org/seleniumhq/selenium/selenium-chrome-driver/4.24.0/selenium-chrome-driver-4.24.0.jar:/Users/rahulkadam/.m2/repository/com/google/auto/service/auto-service-annotations/1.1.1/auto-service-annotations-1.1.1.jar:/Users/rahulkadam/.m2/repository/org/seleniumhq/selenium/selenium-chromium-driver/4.24.0/selenium-chromium-driver-4.24.0.jar:/Users/rahulkadam/.m2/repository/org/seleniumhq/selenium/selenium-json/4.24.0/selenium-json-4.24.0.jar:/Users/rahulkadam/.m2/repository/org/seleniumhq/selenium/selenium-manager/4.24.0/selenium-manager-4.24.0.jar:/Users/rahulkadam/.m2/repository/org/seleniumhq/selenium/selenium-devtools-v126/4.24.0/selenium-devtools-v126-4.24.0.jar:/Users/rahulkadam/.m2/repository/org/seleniumhq/selenium/selenium-devtools-v127/4.24.0/selenium-devtools-v127-4.24.0.jar:/Users/rahulkadam/.m2/repository/org/seleniumhq/selenium/selenium-devtools-v128/4.24.0/selenium-devtools-v128-4.24.0.jar:/Users/rahulkadam/.m2/repository/org/seleniumhq/selenium/selenium-devtools-v85/4.24.0/selenium-devtools-v85-4.24.0.jar:/Users/rahulkadam/.m2/repository/org/seleniumhq/selenium/selenium-edge-driver/4.24.0/selenium-edge-driver-4.24.0.jar:/Users/rahulkadam/.m2/repository/org/seleniumhq/selenium/selenium-firefox-driver/4.24.0/selenium-firefox-driver-4.24.0.jar:/Users/rahulkadam/.m2/repository/org/seleniumhq/selenium/selenium-http/4.24.0/selenium-http-4.24.0.jar:/Users/rahulkadam/.m2/repository/dev/failsafe/failsafe/3.3.2/failsafe-3.3.2.jar:/Users/rahulkadam/.m2/repository/org/seleniumhq/selenium/selenium-ie-driver/4.24.0/selenium-ie-driver-4.24.0.jar:/Users/rahulkadam/.m2/repository/org/seleniumhq/selenium/selenium-remote-driver/4.24.0/selenium-remote-driver-4.24.0.jar:/Users/rahulkadam/.m2/repository/io/opentelemetry/semconv/opentelemetry-semconv/1.25.0-alpha/opentelemetry-semconv-1.25.0-alpha.jar:/Users/rahulkadam/.m2/repository/io/opentelemetry/opentelemetry-api/1.41.0/opentelemetry-api-1.41.0.jar:/Users/rahulkadam/.m2/repository/io/opentelemetry/opentelemetry-context/1.41.0/opentelemetry-context-1.41.0.jar:/Users/rahulkadam/.m2/repository/io/opentelemetry/opentelemetry-exporter-logging/1.41.0/opentelemetry-exporter-logging-1.41.0.jar:/Users/rahulkadam/.m2/repository/io/opentelemetry/opentelemetry-sdk-common/1.41.0/opentelemetry-sdk-common-1.41.0.jar:/Users/rahulkadam/.m2/repository/io/opentelemetry/opentelemetry-sdk-extension-autoconfigure-spi/1.41.0/opentelemetry-sdk-extension-autoconfigure-spi-1.41.0.jar:/Users/rahulkadam/.m2/repository/io/opentelemetry/opentelemetry-sdk-extension-autoconfigure/1.41.0/opentelemetry-sdk-extension-autoconfigure-1.41.0.jar:/Users/rahulkadam/.m2/repository/io/opentelemetry/opentelemetry-api-incubator/1.41.0-alpha/opentelemetry-api-incubator-1.41.0-alpha.jar:/Users/rahulkadam/.m2/repository/io/opentelemetry/opentelemetry-sdk-trace/1.41.0/opentelemetry-sdk-trace-1.41.0.jar:/Users/rahulkadam/.m2/repository/io/opentelemetry/opentelemetry-sdk/1.41.0/opentelemetry-sdk-1.41.0.jar:/Users/rahulkadam/.m2/repository/io/opentelemetry/opentelemetry-sdk-metrics/1.41.0/opentelemetry-sdk-metrics-1.41.0.jar:/Users/rahulkadam/.m2/repository/io/opentelemetry/opentelemetry-sdk-logs/1.41.0/opentelemetry-sdk-logs-1.41.0.jar:/Users/rahulkadam/.m2/repository/net/bytebuddy/byte-buddy/1.15.0/byte-buddy-1.15.0.jar:/Users/rahulkadam/.m2/repository/org/seleniumhq/selenium/selenium-os/4.24.0/selenium-os-4.24.0.jar:/Users/rahulkadam/.m2/repository/org/apache/commons/commons-exec/1.4.0/commons-exec-1.4.0.jar:/Users/rahulkadam/.m2/repository/org/seleniumhq/selenium/selenium-safari-driver/4.24.0/selenium-safari-driver-4.24.0.jar:/Users/rahulkadam/.m2/repository/org/seleniumhq/selenium/selenium-support/4.24.0/selenium-support-4.24.0.jar:/Users/rahulkadam/.m2/repository/org/testng/testng/7.10.2/testng-7.10.2.jar:/Users/rahulkadam/.m2/repository/org/slf4j/slf4j-api/1.7.36/slf4j-api-1.7.36.jar:/Users/rahulkadam/.m2/repository/com/beust/jcommander/1.82/jcommander-1.82.jar:/Users/rahulkadam/.m2/repository/org/webjars/jquery/3.7.1/jquery-3.7.1.jar:/Users/rahulkadam/.m2/repository/org/apache/poi/poi/5.3.0/poi-5.3.0.jar:/Users/rahulkadam/.m2/repository/commons-codec/commons-codec/1.17.0/commons-codec-1.17.0.jar:/Users/rahulkadam/.m2/repository/org/apache/commons/commons-collections4/4.4/commons-collections4-4.4.jar:/Users/rahulkadam/.m2/repository/org/apache/commons/commons-math3/3.6.1/commons-math3-3.6.1.jar:/Users/rahulkadam/.m2/repository/commons-io/commons-io/2.16.1/commons-io-2.16.1.jar:/Users/rahulkadam/.m2/repository/com/zaxxer/SparseBitSet/1.3/SparseBitSet-1.3.jar:/Users/rahulkadam/.m2/repository/org/apache/poi/poi-ooxml/5.3.0/poi-ooxml-5.3.0.jar:/Users/rahulkadam/.m2/repository/org/apache/poi/poi-ooxml-lite/5.3.0/poi-ooxml-lite-5.3.0.jar:/Users/rahulkadam/.m2/repository/org/apache/xmlbeans/xmlbeans/5.2.1/xmlbeans-5.2.1.jar:/Users/rahulkadam/.m2/repository/org/apache/commons/commons-compress/1.26.2/commons-compress-1.26.2.jar:/Users/rahulkadam/.m2/repository/org/apache/commons/commons-lang3/3.14.0/commons-lang3-3.14.0.jar:/Users/rahulkadam/.m2/repository/com/github/virtuald/curvesapi/1.08/curvesapi-1.08.jar:/Users/rahulkadam/.m2/repository/org/apache/logging/log4j/log4j-core/2.24.2/log4j-core-2.24.2.jar:/Users/rahulkadam/.m2/repository/org/apache/logging/log4j/log4j-api/2.24.2/log4j-api-2.24.2.jar:/Users/rahulkadam/.m2/repository/com/aventstack/extentreports/5.0.9/extentreports-5.0.9.jar:/Users/rahulkadam/.m2/repository/io/reactivex/rxjava3/rxjava/3.0.4/rxjava-3.0.4.jar:/Users/rahulkadam/.m2/repository/org/reactivestreams/reactive-streams/1.0.3/reactive-streams-1.0.3.jar:/Users/rahulkadam/.m2/repository/org/freemarker/freemarker/2.3.30/freemarker-2.3.30.jar:/Users/rahulkadam/.m2/repository/org/projectlombok/lombok/1.18.12/lombok-1.18.12.jar:/Users/rahulkadam/.m2/repository/com/google/code/gson/gson/2.8.6/gson-2.8.6.jar:/Users/rahulkadam/.m2/repository/com/daml/bindings-java/3.3.0-snapshot.20241213.13481.0.vd934c2f9/bindings-java-3.3.0-snapshot.20241213.13481.0.vd934c2f9.jar:/Users/rahulkadam/.m2/repository/com/fasterxml/jackson/core/jackson-core/2.14.3/jackson-core-2.14.3.jar:/Users/rahulkadam/.m2/repository/com/google/api/grpc/proto-google-common-protos/2.41.0/proto-google-common-protos-2.41.0.jar:/Users/rahulkadam/.m2/repository/com/google/code/findbugs/jsr305/3.0.2/jsr305-3.0.2.jar:/Users/rahulkadam/.m2/repository/com/google/guava/guava/33.3.0-jre/guava-33.3.0-jre.jar:/Users/rahulkadam/.m2/repository/com/google/guava/failureaccess/1.0.2/failureaccess-1.0.2.jar:/Users/rahulkadam/.m2/repository/com/google/guava/listenablefuture/9999.0-empty-to-avoid-conflict-with-guava/listenablefuture-9999.0-empty-to-avoid-conflict-with-guava.jar:/Users/rahulkadam/.m2/repository/com/google/errorprone/error_prone_annotations/2.28.0/error_prone_annotations-2.28.0.jar:/Users/rahulkadam/.m2/repository/com/google/j2objc/j2objc-annotations/3.0.0/j2objc-annotations-3.0.0.jar:/Users/rahulkadam/.m2/repository/com/google/protobuf/protobuf-java/3.25.5/protobuf-java-3.25.5.jar:/Users/rahulkadam/.m2/repository/io/grpc/grpc-api/1.67.1/grpc-api-1.67.1.jar:/Users/rahulkadam/.m2/repository/io/grpc/grpc-core/1.67.1/grpc-core-1.67.1.jar:/Users/rahulkadam/.m2/repository/com/google/android/annotations/4.1.1.4/annotations-4.1.1.4.jar:/Users/rahulkadam/.m2/repository/org/codehaus/mojo/animal-sniffer-annotations/1.24/animal-sniffer-annotations-1.24.jar:/Users/rahulkadam/.m2/repository/io/perfmark/perfmark-api/0.27.0/perfmark-api-0.27.0.jar:/Users/rahulkadam/.m2/repository/io/grpc/grpc-context/1.67.1/grpc-context-1.67.1.jar:/Users/rahulkadam/.m2/repository/io/grpc/grpc-netty/1.67.1/grpc-netty-1.67.1.jar:/Users/rahulkadam/.m2/repository/io/netty/netty-codec-http2/4.1.110.Final/netty-codec-http2-4.1.110.Final.jar:/Users/rahulkadam/.m2/repository/io/netty/netty-common/4.1.110.Final/netty-common-4.1.110.Final.jar:/Users/rahulkadam/.m2/repository/io/netty/netty-buffer/4.1.110.Final/netty-buffer-4.1.110.Final.jar:/Users/rahulkadam/.m2/repository/io/netty/netty-transport/4.1.110.Final/netty-transport-4.1.110.Final.jar:/Users/rahulkadam/.m2/repository/io/netty/netty-resolver/4.1.110.Final/netty-resolver-4.1.110.Final.jar:/Users/rahulkadam/.m2/repository/io/netty/netty-codec/4.1.110.Final/netty-codec-4.1.110.Final.jar:/Users/rahulkadam/.m2/repository/io/netty/netty-handler/4.1.110.Final/netty-handler-4.1.110.Final.jar:/Users/rahulkadam/.m2/repository/io/netty/netty-codec-http/4.1.110.Final/netty-codec-http-4.1.110.Final.jar:/Users/rahulkadam/.m2/repository/io/netty/netty-handler-proxy/4.1.110.Final/netty-handler-proxy-4.1.110.Final.jar:/Users/rahulkadam/.m2/repository/io/netty/netty-codec-socks/4.1.110.Final/netty-codec-socks-4.1.110.Final.jar:/Users/rahulkadam/.m2/repository/io/netty/netty-transport-native-unix-common/4.1.110.Final/netty-transport-native-unix-common-4.1.110.Final.jar:/Users/rahulkadam/.m2/repository/io/grpc/grpc-util/1.67.1/grpc-util-1.67.1.jar:/Users/rahulkadam/.m2/repository/io/grpc/grpc-protobuf/1.67.1/grpc-protobuf-1.67.1.jar:/Users/rahulkadam/.m2/repository/io/grpc/grpc-protobuf-lite/1.67.1/grpc-protobuf-lite-1.67.1.jar:/Users/rahulkadam/.m2/repository/io/grpc/grpc-stub/1.67.1/grpc-stub-1.67.1.jar:/Users/rahulkadam/.m2/repository/javax/annotation/javax.annotation-api/1.3.2/javax.annotation-api-1.3.2.jar:/Users/rahulkadam/.m2/repository/org/checkerframework/checker-qual/3.43.0/checker-qual-3.43.0.jar:"/>
    <property name="java.vm.vendor" value="Oracle Corporation"/>
    <property name="sun.arch.data.model" value="64"/>
    <property name="java.vendor.url" value="https://openjdk.java.net/"/>
    <property name="user.timezone" value="Asia/Kolkata"/>
    <property name="java.vm.specification.version" value="11"/>
    <property name="os.name" value="Mac OS X"/>
    <property name="sun.java.launcher" value="SUN_STANDARD"/>
    <property name="user.country" value="IN"/>
    <property name="sun.boot.library.path" value="/Library/Java/JavaVirtualMachines/jdk-11.jdk/Contents/Home/lib"/>
    <property name="sun.java.command" value="/Users/rahulkadam/eclipse-workspace/Framework1/target/surefire/surefirebooter-20241215160628121_3.jar /Users/rahulkadam/eclipse-workspace/Framework1/target/surefire 2024-12-15T16-06-27_271-jvmRun1 surefire-20241215160628121_1tmp surefire_0-20241215160628121_2tmp"/>
    <property name="jdk.debug" value="release"/>
    <property name="surefire.test.class.path" value="/Users/rahulkadam/eclipse-workspace/Framework1/target/test-classes:/Users/rahulkadam/eclipse-workspace/Framework1/target/classes:/Users/rahulkadam/.m2/repository/junit/junit/3.8.1/junit-3.8.1.jar:/Users/rahulkadam/.m2/repository/org/seleniumhq/selenium/selenium-java/4.24.0/selenium-java-4.24.0.jar:/Users/rahulkadam/.m2/repository/org/seleniumhq/selenium/selenium-api/4.24.0/selenium-api-4.24.0.jar:/Users/rahulkadam/.m2/repository/org/jspecify/jspecify/1.0.0/jspecify-1.0.0.jar:/Users/rahulkadam/.m2/repository/org/seleniumhq/selenium/selenium-chrome-driver/4.24.0/selenium-chrome-driver-4.24.0.jar:/Users/rahulkadam/.m2/repository/com/google/auto/service/auto-service-annotations/1.1.1/auto-service-annotations-1.1.1.jar:/Users/rahulkadam/.m2/repository/org/seleniumhq/selenium/selenium-chromium-driver/4.24.0/selenium-chromium-driver-4.24.0.jar:/Users/rahulkadam/.m2/repository/org/seleniumhq/selenium/selenium-json/4.24.0/selenium-json-4.24.0.jar:/Users/rahulkadam/.m2/repository/org/seleniumhq/selenium/selenium-manager/4.24.0/selenium-manager-4.24.0.jar:/Users/rahulkadam/.m2/repository/org/seleniumhq/selenium/selenium-devtools-v126/4.24.0/selenium-devtools-v126-4.24.0.jar:/Users/rahulkadam/.m2/repository/org/seleniumhq/selenium/selenium-devtools-v127/4.24.0/selenium-devtools-v127-4.24.0.jar:/Users/rahulkadam/.m2/repository/org/seleniumhq/selenium/selenium-devtools-v128/4.24.0/selenium-devtools-v128-4.24.0.jar:/Users/rahulkadam/.m2/repository/org/seleniumhq/selenium/selenium-devtools-v85/4.24.0/selenium-devtools-v85-4.24.0.jar:/Users/rahulkadam/.m2/repository/org/seleniumhq/selenium/selenium-edge-driver/4.24.0/selenium-edge-driver-4.24.0.jar:/Users/rahulkadam/.m2/repository/org/seleniumhq/selenium/selenium-firefox-driver/4.24.0/selenium-firefox-driver-4.24.0.jar:/Users/rahulkadam/.m2/repository/org/seleniumhq/selenium/selenium-http/4.24.0/selenium-http-4.24.0.jar:/Users/rahulkadam/.m2/repository/dev/failsafe/failsafe/3.3.2/failsafe-3.3.2.jar:/Users/rahulkadam/.m2/repository/org/seleniumhq/selenium/selenium-ie-driver/4.24.0/selenium-ie-driver-4.24.0.jar:/Users/rahulkadam/.m2/repository/org/seleniumhq/selenium/selenium-remote-driver/4.24.0/selenium-remote-driver-4.24.0.jar:/Users/rahulkadam/.m2/repository/io/opentelemetry/semconv/opentelemetry-semconv/1.25.0-alpha/opentelemetry-semconv-1.25.0-alpha.jar:/Users/rahulkadam/.m2/repository/io/opentelemetry/opentelemetry-api/1.41.0/opentelemetry-api-1.41.0.jar:/Users/rahulkadam/.m2/repository/io/opentelemetry/opentelemetry-context/1.41.0/opentelemetry-context-1.41.0.jar:/Users/rahulkadam/.m2/repository/io/opentelemetry/opentelemetry-exporter-logging/1.41.0/opentelemetry-exporter-logging-1.41.0.jar:/Users/rahulkadam/.m2/repository/io/opentelemetry/opentelemetry-sdk-common/1.41.0/opentelemetry-sdk-common-1.41.0.jar:/Users/rahulkadam/.m2/repository/io/opentelemetry/opentelemetry-sdk-extension-autoconfigure-spi/1.41.0/opentelemetry-sdk-extension-autoconfigure-spi-1.41.0.jar:/Users/rahulkadam/.m2/repository/io/opentelemetry/opentelemetry-sdk-extension-autoconfigure/1.41.0/opentelemetry-sdk-extension-autoconfigure-1.41.0.jar:/Users/rahulkadam/.m2/repository/io/opentelemetry/opentelemetry-api-incubator/1.41.0-alpha/opentelemetry-api-incubator-1.41.0-alpha.jar:/Users/rahulkadam/.m2/repository/io/opentelemetry/opentelemetry-sdk-trace/1.41.0/opentelemetry-sdk-trace-1.41.0.jar:/Users/rahulkadam/.m2/repository/io/opentelemetry/opentelemetry-sdk/1.41.0/opentelemetry-sdk-1.41.0.jar:/Users/rahulkadam/.m2/repository/io/opentelemetry/opentelemetry-sdk-metrics/1.41.0/opentelemetry-sdk-metrics-1.41.0.jar:/Users/rahulkadam/.m2/repository/io/opentelemetry/opentelemetry-sdk-logs/1.41.0/opentelemetry-sdk-logs-1.41.0.jar:/Users/rahulkadam/.m2/repository/net/bytebuddy/byte-buddy/1.15.0/byte-buddy-1.15.0.jar:/Users/rahulkadam/.m2/repository/org/seleniumhq/selenium/selenium-os/4.24.0/selenium-os-4.24.0.jar:/Users/rahulkadam/.m2/repository/org/apache/commons/commons-exec/1.4.0/commons-exec-1.4.0.jar:/Users/rahulkadam/.m2/repository/org/seleniumhq/selenium/selenium-safari-driver/4.24.0/selenium-safari-driver-4.24.0.jar:/Users/rahulkadam/.m2/repository/org/seleniumhq/selenium/selenium-support/4.24.0/selenium-support-4.24.0.jar:/Users/rahulkadam/.m2/repository/org/testng/testng/7.10.2/testng-7.10.2.jar:/Users/rahulkadam/.m2/repository/org/slf4j/slf4j-api/1.7.36/slf4j-api-1.7.36.jar:/Users/rahulkadam/.m2/repository/com/beust/jcommander/1.82/jcommander-1.82.jar:/Users/rahulkadam/.m2/repository/org/webjars/jquery/3.7.1/jquery-3.7.1.jar:/Users/rahulkadam/.m2/repository/org/apache/poi/poi/5.3.0/poi-5.3.0.jar:/Users/rahulkadam/.m2/repository/commons-codec/commons-codec/1.17.0/commons-codec-1.17.0.jar:/Users/rahulkadam/.m2/repository/org/apache/commons/commons-collections4/4.4/commons-collections4-4.4.jar:/Users/rahulkadam/.m2/repository/org/apache/commons/commons-math3/3.6.1/commons-math3-3.6.1.jar:/Users/rahulkadam/.m2/repository/commons-io/commons-io/2.16.1/commons-io-2.16.1.jar:/Users/rahulkadam/.m2/repository/com/zaxxer/SparseBitSet/1.3/SparseBitSet-1.3.jar:/Users/rahulkadam/.m2/repository/org/apache/poi/poi-ooxml/5.3.0/poi-ooxml-5.3.0.jar:/Users/rahulkadam/.m2/repository/org/apache/poi/poi-ooxml-lite/5.3.0/poi-ooxml-lite-5.3.0.jar:/Users/rahulkadam/.m2/repository/org/apache/xmlbeans/xmlbeans/5.2.1/xmlbeans-5.2.1.jar:/Users/rahulkadam/.m2/repository/org/apache/commons/commons-compress/1.26.2/commons-compress-1.26.2.jar:/Users/rahulkadam/.m2/repository/org/apache/commons/commons-lang3/3.14.0/commons-lang3-3.14.0.jar:/Users/rahulkadam/.m2/repository/com/github/virtuald/curvesapi/1.08/curvesapi-1.08.jar:/Users/rahulkadam/.m2/repository/org/apache/logging/log4j/log4j-core/2.24.2/log4j-core-2.24.2.jar:/Users/rahulkadam/.m2/repository/org/apache/logging/log4j/log4j-api/2.24.2/log4j-api-2.24.2.jar:/Users/rahulkadam/.m2/repository/com/aventstack/extentreports/5.0.9/extentreports-5.0.9.jar:/Users/rahulkadam/.m2/repository/io/reactivex/rxjava3/rxjava/3.0.4/rxjava-3.0.4.jar:/Users/rahulkadam/.m2/repository/org/reactivestreams/reactive-streams/1.0.3/reactive-streams-1.0.3.jar:/Users/rahulkadam/.m2/repository/org/freemarker/freemarker/2.3.30/freemarker-2.3.30.jar:/Users/rahulkadam/.m2/repository/org/projectlombok/lombok/1.18.12/lombok-1.18.12.jar:/Users/rahulkadam/.m2/repository/com/google/code/gson/gson/2.8.6/gson-2.8.6.jar:/Users/rahulkadam/.m2/repository/com/daml/bindings-java/3.3.0-snapshot.20241213.13481.0.vd934c2f9/bindings-java-3.3.0-snapshot.20241213.13481.0.vd934c2f9.jar:/Users/rahulkadam/.m2/repository/com/fasterxml/jackson/core/jackson-core/2.14.3/jackson-core-2.14.3.jar:/Users/rahulkadam/.m2/repository/com/google/api/grpc/proto-google-common-protos/2.41.0/proto-google-common-protos-2.41.0.jar:/Users/rahulkadam/.m2/repository/com/google/code/findbugs/jsr305/3.0.2/jsr305-3.0.2.jar:/Users/rahulkadam/.m2/repository/com/google/guava/guava/33.3.0-jre/guava-33.3.0-jre.jar:/Users/rahulkadam/.m2/repository/com/google/guava/failureaccess/1.0.2/failureaccess-1.0.2.jar:/Users/rahulkadam/.m2/repository/com/google/guava/listenablefuture/9999.0-empty-to-avoid-conflict-with-guava/listenablefuture-9999.0-empty-to-avoid-conflict-with-guava.jar:/Users/rahulkadam/.m2/repository/com/google/errorprone/error_prone_annotations/2.28.0/error_prone_annotations-2.28.0.jar:/Users/rahulkadam/.m2/repository/com/google/j2objc/j2objc-annotations/3.0.0/j2objc-annotations-3.0.0.jar:/Users/rahulkadam/.m2/repository/com/google/protobuf/protobuf-java/3.25.5/protobuf-java-3.25.5.jar:/Users/rahulkadam/.m2/repository/io/grpc/grpc-api/1.67.1/grpc-api-1.67.1.jar:/Users/rahulkadam/.m2/repository/io/grpc/grpc-core/1.67.1/grpc-core-1.67.1.jar:/Users/rahulkadam/.m2/repository/com/google/android/annotations/4.1.1.4/annotations-4.1.1.4.jar:/Users/rahulkadam/.m2/repository/org/codehaus/mojo/animal-sniffer-annotations/1.24/animal-sniffer-annotations-1.24.jar:/Users/rahulkadam/.m2/repository/io/perfmark/perfmark-api/0.27.0/perfmark-api-0.27.0.jar:/Users/rahulkadam/.m2/repository/io/grpc/grpc-context/1.67.1/grpc-context-1.67.1.jar:/Users/rahulkadam/.m2/repository/io/grpc/grpc-netty/1.67.1/grpc-netty-1.67.1.jar:/Users/rahulkadam/.m2/repository/io/netty/netty-codec-http2/4.1.110.Final/netty-codec-http2-4.1.110.Final.jar:/Users/rahulkadam/.m2/repository/io/netty/netty-common/4.1.110.Final/netty-common-4.1.110.Final.jar:/Users/rahulkadam/.m2/repository/io/netty/netty-buffer/4.1.110.Final/netty-buffer-4.1.110.Final.jar:/Users/rahulkadam/.m2/repository/io/netty/netty-transport/4.1.110.Final/netty-transport-4.1.110.Final.jar:/Users/rahulkadam/.m2/repository/io/netty/netty-resolver/4.1.110.Final/netty-resolver-4.1.110.Final.jar:/Users/rahulkadam/.m2/repository/io/netty/netty-codec/4.1.110.Final/netty-codec-4.1.110.Final.jar:/Users/rahulkadam/.m2/repository/io/netty/netty-handler/4.1.110.Final/netty-handler-4.1.110.Final.jar:/Users/rahulkadam/.m2/repository/io/netty/netty-codec-http/4.1.110.Final/netty-codec-http-4.1.110.Final.jar:/Users/rahulkadam/.m2/repository/io/netty/netty-handler-proxy/4.1.110.Final/netty-handler-proxy-4.1.110.Final.jar:/Users/rahulkadam/.m2/repository/io/netty/netty-codec-socks/4.1.110.Final/netty-codec-socks-4.1.110.Final.jar:/Users/rahulkadam/.m2/repository/io/netty/netty-transport-native-unix-common/4.1.110.Final/netty-transport-native-unix-common-4.1.110.Final.jar:/Users/rahulkadam/.m2/repository/io/grpc/grpc-util/1.67.1/grpc-util-1.67.1.jar:/Users/rahulkadam/.m2/repository/io/grpc/grpc-protobuf/1.67.1/grpc-protobuf-1.67.1.jar:/Users/rahulkadam/.m2/repository/io/grpc/grpc-protobuf-lite/1.67.1/grpc-protobuf-lite-1.67.1.jar:/Users/rahulkadam/.m2/repository/io/grpc/grpc-stub/1.67.1/grpc-stub-1.67.1.jar:/Users/rahulkadam/.m2/repository/javax/annotation/javax.annotation-api/1.3.2/javax.annotation-api-1.3.2.jar:/Users/rahulkadam/.m2/repository/org/checkerframework/checker-qual/3.43.0/checker-qual-3.43.0.jar:"/>
    <property name="sun.cpu.endian" value="little"/>
    <property name="user.home" value="/Users/rahulkadam"/>
    <property name="user.language" value="en"/>
    <property name="java.specification.vendor" value="Oracle Corporation"/>
    <property name="java.version.date" value="2024-07-16"/>
    <property name="java.home" value="/Library/Java/JavaVirtualMachines/jdk-11.jdk/Contents/Home"/>
    <property name="file.separator" value="/"/>
    <property name="basedir" value="/Users/rahulkadam/eclipse-workspace/Framework1"/>
    <property name="java.vm.compressedOopsMode" value="Zero based"/>
    <property name="line.separator" value="&#10;"/>
    <property name="java.specification.name" value="Java Platform API Specification"/>
    <property name="java.vm.specification.vendor" value="Oracle Corporation"/>
    <property name="java.awt.graphicsenv" value="sun.awt.CGraphicsEnvironment"/>
    <property name="surefire.real.class.path" value="/Users/rahulkadam/eclipse-workspace/Framework1/target/surefire/surefirebooter-20241215160628121_3.jar"/>
    <property name="sun.management.compiler" value="HotSpot 64-Bit Tiered Compilers"/>
    <property name="java.runtime.version" value="11.0.24+7-LTS-271"/>
    <property name="user.name" value="rahulkadam"/>
    <property name="path.separator" value=":"/>
    <property name="os.version" value="11.7.10"/>
    <property name="java.runtime.name" value="Java(TM) SE Runtime Environment"/>
    <property name="file.encoding" value="UTF-8"/>
    <property name="java.vm.name" value="Java HotSpot(TM) 64-Bit Server VM"/>
    <property name="java.vendor.version" value="18.9"/>
    <property name="localRepository" value="/Users/rahulkadam/.m2/repository"/>
    <property name="java.vendor.url.bug" value="https://bugreport.java.com/bugreport/"/>
    <property name="java.io.tmpdir" value="/var/folders/cg/9ck495bd3ng665jc611cqm5m0000gn/T/"/>
    <property name="java.version" value="11.0.24"/>
    <property name="user.dir" value="/Users/rahulkadam/eclipse-workspace/Framework1"/>
    <property name="os.arch" value="x86_64"/>
    <property name="java.vm.specification.name" value="Java Virtual Machine Specification"/>
    <property name="java.awt.printerjob" value="sun.lwawt.macosx.CPrinterJob"/>
    <property name="sun.os.patch.level" value="unknown"/>
    <property name="java.library.path" value="/Users/rahulkadam/Library/Java/Extensions:/Library/Java/Extensions:/Network/Library/Java/Extensions:/System/Library/Java/Extensions:/usr/lib/java:."/>
    <property name="java.vendor" value="Oracle Corporation"/>
    <property name="java.vm.info" value="mixed mode"/>
    <property name="java.vm.version" value="11.0.24+7-LTS-271"/>
    <property name="java.specification.maintenance.version" value="2"/>
    <property name="sun.io.unicode.encoding" value="UnicodeBig"/>
    <property name="java.class.version" value="55.0"/>
    <property name="testng" value="testng1.xml"/>
  </properties>
  <testcase name="login[neelam01@gmail.com, 12345678](1)" classname="testpackage.LoginTest" time="5.111">
    <system-out><![CDATA[browser openbrowser
chrome
url
https://freelance-learn-automation.vercel.app/login
4    2
testing ......Welcome neelam01 to Learn Automation Courses
]]></system-out>
    <system-err><![CDATA[SLF4J: Failed to load class "org.slf4j.impl.StaticLoggerBinder".
SLF4J: Defaulting to no-operation (NOP) logger implementation
SLF4J: See http://www.slf4j.org/codes.html#StaticLoggerBinder for further details.
Dec 15, 2024 4:06:54 PM org.openqa.selenium.devtools.CdpVersionFinder findNearestMatch
WARNING: Unable to find an exact match for CDP version 131, returning the closest version; found: 128; Please update to a Selenium version that supports CDP version 131
]]></system-err>
  </testcase>
  <testcase name="login[neelam02@gmail.com, 12345678](2)" classname="testpackage.LoginTest" time="4.44">
    <system-out><![CDATA[testing ......Welcome neelam to Learn Automation Courses
]]></system-out>
  </testcase>
  <testcase name="login[neelam03@gmail.com, 12345678](3)" classname="testpackage.LoginTest" time="5.618">
    <system-out><![CDATA[testing ......Welcome NEELAM to Learn Automation Courses
]]></system-out>
  </testcase>
</testsuite>