<?xml version="1.0" encoding="UTF-8"?>
<!-- Generated by org.testng.reporters.JUnitReportReporter -->
<testsuite hostname="Rahuls-MacBook-Air.local" failures="0" tests="3" name="testpackage.LoginTest" time="10.057" errors="0" timestamp="2024-12-28T13:40:55 IST" skipped="0">
  <testcase classname="testpackage.LoginTest" name="login" time="3.168"/>
  <system-out/>
  <testcase classname="testpackage.LoginTest" name="login" time="3.314"/>
  <system-out/>
  <testcase classname="testpackage.LoginTest" name="login" time="3.575"/>
  <system-out/>
</testsuite> <!-- testpackage.LoginTest -->
