<?xml version="1.0" encoding="UTF-8"?>
<!-- Generated by org.testng.reporters.JUnitReportReporter -->
<testsuite hostname="Rahuls-MacBook-Air.local" failures="0" tests="3" name="testpackage.LoginTest" time="11.584" errors="0" timestamp="2024-12-15T14:04:44 IST" skipped="0">
  <testcase classname="testpackage.LoginTest" name="login" time="3.493"/>
  <testcase classname="testpackage.LoginTest" name="login" time="4.302"/>
  <testcase classname="testpackage.LoginTest" name="login" time="3.789"/>
</testsuite> <!-- testpackage.LoginTest -->
