<?xml version="1.0" encoding="UTF-8"?>
<!-- Generated by org.testng.reporters.JUnitReportReporter -->
<testsuite hostname="Rahuls-MacBook-Air.local" failures="0" tests="3" name="testpackage.LoginTest" time="10.355" errors="0" timestamp="2024-12-28T13:27:03 IST" skipped="0">
  <testcase classname="testpackage.LoginTest" name="login" time="3.523"/>
  <system-out/>
  <testcase classname="testpackage.LoginTest" name="login" time="3.615"/>
  <system-out/>
  <testcase classname="testpackage.LoginTest" name="login" time="3.217"/>
  <system-out/>
</testsuite> <!-- testpackage.LoginTest -->
