<?xml version="1.0" encoding="UTF-8"?>
<!-- Generated by org.testng.reporters.JUnitReportReporter -->
<testsuite hostname="Rahuls-MacBook-Air.local" failures="0" tests="3" name="testpackage.LoginTest" time="11.036" errors="0" timestamp="2024-12-28T14:44:05 IST" skipped="0">
  <testcase classname="testpackage.LoginTest" name="login" time="3.591"/>
  <system-out/>
  <testcase classname="testpackage.LoginTest" name="login" time="4.078"/>
  <system-out/>
  <testcase classname="testpackage.LoginTest" name="login" time="3.367"/>
  <system-out/>
</testsuite> <!-- testpackage.LoginTest -->
