<?xml version="1.0" encoding="UTF-8"?>
<!-- Generated by org.testng.reporters.JUnitReportReporter -->
<testsuite hostname="Rahuls-MacBook-Air.local" failures="0" tests="1" name="base.BaseClass" time="0.034" errors="0" timestamp="2024-12-13T23:46:17 IST" skipped="0">
  <testcase classname="base.BaseClass" name="imutablewait" time="0.034"/>
</testsuite> <!-- base.BaseClass -->
