<?xml version="1.0" encoding="UTF-8"?>
<!-- Generated by org.testng.reporters.JUnitReportReporter -->
<testsuite hostname="Rahuls-MacBook-Air.local" failures="0" tests="1" name="testpackage.LoginPage" time="1.191" errors="0" timestamp="2024-12-06T22:10:02 IST" skipped="0">
  <testcase classname="testpackage.LoginPage" name="login" time="1.191"/>
  <system-out/>
</testsuite> <!-- testpackage.LoginPage -->
