<?xml version="1.0" encoding="UTF-8"?>
<!-- Generated by org.testng.reporters.JUnitReportReporter -->
<testsuite hostname="Rahuls-MacBook-Air.local" failures="0" tests="3" name="testpackage.LoginTest" time="15.132" errors="0" timestamp="2024-12-15T16:07:22 IST" skipped="0">
  <testcase classname="testpackage.LoginTest" name="login" time="4.548"/>
  <testcase classname="testpackage.LoginTest" name="login" time="5.621"/>
  <testcase classname="testpackage.LoginTest" name="login" time="4.963"/>
</testsuite> <!-- testpackage.LoginTest -->
